<?xml version="1.0" encoding="UTF-8"?>
<!-- Generated by org.testng.reporters.JUnitReportReporter -->
<testsuite hostname="CoolBuddy" failures="0" tests="1" name="tests.BaseClass" time="0.025" errors="0" timestamp="2021-07-12T23:23:52 IST" skipped="0">
  <testcase classname="tests.BaseClass" name="sampleTest" time="0.025"/>
  <system-out/>
</testsuite> <!-- tests.BaseClass -->
